********************************************************************************
DUPLICATOR-LITE PACKAGE-LOG: February 4, 2018 10:30 pm
NOTICE: Do NOT post to public sites or forums 
********************************************************************************
VERSION:	1.2.32
WORDPRESS:	4.9.2
PHP INFO:	7.1.5 | SAPI: apache2handler
SERVER:		Apache 
PHP TIME LIMIT: (0) no time limit imposed 
PHP MAX MEMORY: 2048M (128M default) 
MEMORY STACK: 4MB 

********************************************************************************
DATABASE:
********************************************************************************
BUILD MODE:   PHP(query limit - 100)
MYSQLTIMEOUT: 5000
MYSQLDUMP:    Not Supported 
TABLES: total:13 | filtered:0 | create:13 
FILTERED: [] 
SQL CREATED: vilniuscoding2_ff1c2551b611bc1c5503180204222929_database.sql 
SQL FILE SIZE: 335.94KB (344006) 
SQL FILE TIME: 2018-02-04 22:30:06 
SQL RUNTIME: 0.79 sec. 

******************************************************************************** 
ARCHIVE (ZIP): 
******************************************************************************** 
ARCHIVE DIR:  C:/MAMP/htdocs/wp 
ARCHIVE FILE: vilniuscoding2_ff1c2551b611bc1c5503180204222929_archive.zip 
FILTERS: *OFF* 
DIRS:
	not set 
FILES:
	not set 
EXTS:  not set 
---------------------------------------- 
COMPRESSING 
SIZE:	82.15MB 
STATS:	Dirs 272 | Files 2,231 
SQL ADDED: vilniuscoding2_ff1c2551b611bc1c5503180204222929_database.sql 
ZipArchive Object
(
    [status] => 0
    [statusSys] => 0
    [numFiles] => 2503
    [filename] => C:\MAMP\htdocs\wp\wp-snapshots\tmp\vilniuscoding2_ff1c2551b611bc1c5503180204222929_archive.zip
    [comment] => 
)
 
COMPRESSION RESULT: '1' 
COMPRESSED SIZE: 56.13MB 
ARCHIVE RUNTIME: 133.39 sec. 
MEMORY STACK: 4MB 

******************************************************************************** 
MAKE INSTALLER: 
******************************************************************************** 
Build Start 
Build Finished 
Preping for use 
PACK SIZE:  
Template parsed with new data 
Complete [C:/MAMP/htdocs/wp/wp-snapshots/tmp/vilniuscoding2_ff1c2551b611bc1c5503180204222929_installer.php] 
Added to archive 

******************************************************************************** 
INTEGRITY CHECKS: 
******************************************************************************** 
SQL File: 335.94KB 
Installer File: 443.97KB 
Archive File: 56.13MB  

********************************************************************************
RECORD ID:[2]
TOTAL PROCESS RUNTIME: 163.67 sec.
PEAK PHP MEMORY USED: 6MB
DONE PROCESSING => vilniuscoding2 February 4, 2018 10:32 pm
 
